<?xml version="1.0" encoding="UTF-8"?>
<testng-results ignored="0" total="1" passed="1" failed="0" skipped="0">
  <reporter-output>
  </reporter-output>
  <suite started-at="2023-10-10T13:08:37 IST" name="Default suite" finished-at="2023-10-10T13:08:54 IST" duration-ms="16926">
    <groups>
    </groups>
    <test started-at="2023-10-10T13:08:37 IST" name="Default test" finished-at="2023-10-10T13:08:54 IST" duration-ms="16926">
      <class name="com.ShopCluesV1.TestCases.TC_001_RegisterUser">
        <test-method is-config="true" signature="setup()[pri:0, instance:com.ShopCluesV1.TestCases.TC_001_RegisterUser@5fe94a96]" started-at="2023-10-10T13:08:37 IST" name="setup" finished-at="2023-10-10T13:08:42 IST" duration-ms="5021" status="PASS">
          <reporter-output>
          </reporter-output>
        </test-method> <!-- setup -->
        <test-method signature="registerUser()[pri:0, instance:com.ShopCluesV1.TestCases.TC_001_RegisterUser@5fe94a96]" started-at="2023-10-10T13:08:42 IST" name="registerUser" finished-at="2023-10-10T13:08:54 IST" duration-ms="11378" status="PASS">
          <reporter-output>
          </reporter-output>
        </test-method> <!-- registerUser -->
        <test-method is-config="true" signature="teardown()[pri:0, instance:com.ShopCluesV1.TestCases.TC_001_RegisterUser@5fe94a96]" started-at="2023-10-10T13:08:54 IST" name="teardown" finished-at="2023-10-10T13:08:54 IST" duration-ms="476" status="PASS">
          <reporter-output>
          </reporter-output>
        </test-method> <!-- teardown -->
      </class> <!-- com.ShopCluesV1.TestCases.TC_001_RegisterUser -->
    </test> <!-- Default test -->
  </suite> <!-- Default suite -->
</testng-results>
